*** Starting uWSGI 2.0.21 (64bit) on [Sun Dec 25 16:20:47 2022] ***
compiled with version: 11.3.0 on 25 December 2022 07:49:47
os: Linux-5.15.0-56-generic #62-Ubuntu SMP Tue Nov 22 19:54:14 UTC 2022
nodename: hehangzhou-virtual-machine
machine: x86_64
clock source: unix
detected number of CPU cores: 4
current working directory: /home/hehangzhou/test/dailyfresh
writing pidfile to uwsgi.pid
detected binary path: /home/hehangzhou/.virtualenvs/django/bin/uwsgi
!!! no internal routing support, rebuild with pcre support !!!
chdir() to /home/hehangzhou/test/dailyfresh
your processes number limit is 15282
your memory page size is 4096 bytes
detected max file descriptor number: 1048576
lock engine: pthread robust mutexes
thunder lock: disabled (you can enable it with --thunder-lock)
uWSGI http bound on 127.0.0.1:8080 fd 4
uwsgi socket 0 bound to TCP address 127.0.0.1:37307 (port auto-assigned) fd 3
Python version: 3.10.6 (main, Nov 14 2022, 16:10:14) [GCC 11.3.0]
PEP 405 virtualenv detected: /home/hehangzhou/.virtualenvs/django
Set PythonHome to /home/hehangzhou/.virtualenvs/django
Python main interpreter initialized at 0x559b88bcc3a0
python threads support enabled
your server socket listen backlog is limited to 100 connections
your mercy for graceful operations on workers is 60 seconds
mapped 416720 bytes (406 KB) for 8 cores
*** Operational MODE: preforking+threaded ***
WSGI app 0 (mountpoint='') ready in 3 seconds on interpreter 0x559b88bcc3a0 pid: 9156 (default app)
*** uWSGI is running in multiple interpreter mode ***
spawned uWSGI master process (pid: 9156)
spawned uWSGI worker 1 (pid: 9162, cores: 2)
spawned uWSGI worker 2 (pid: 9163, cores: 2)
spawned uWSGI worker 3 (pid: 9165, cores: 2)
spawned uWSGI worker 4 (pid: 9166, cores: 2)
spawned uWSGI http 1 (pid: 9168)
SIGINT/SIGTERM received...killing workers...
gateway "uWSGI http 1" has been buried (pid: 9168)
worker 1 buried after 1 seconds
worker 2 buried after 1 seconds
worker 3 buried after 1 seconds
worker 4 buried after 1 seconds
goodbye to uWSGI.
